SF:lib/helpers/unit_todo_factory.dart
DA:5,12
DA:6,12
DA:7,12
DA:8,0
DA:9,0
DA:10,0
DA:11,0
DA:12,0
DA:13,0
DA:14,0
DA:15,0
DA:16,0
DA:17,0
DA:18,0
DA:19,0
DA:20,0
DA:21,0
DA:22,0
DA:23,0
DA:24,0
DA:25,9
DA:27,15
DA:28,15
DA:29,15
DA:30,0
DA:31,0
DA:32,0
DA:33,0
DA:34,0
DA:35,0
DA:36,0
DA:37,0
DA:38,0
DA:39,0
DA:40,0
DA:41,0
DA:42,0
DA:43,0
DA:44,0
DA:45,0
DA:46,0
DA:51,9
DA:52,9
DA:53,9
DA:54,0
DA:55,0
DA:56,0
DA:57,0
DA:58,0
DA:59,0
DA:60,0
DA:61,0
DA:62,0
DA:63,0
DA:64,0
DA:65,0
DA:66,0
DA:67,0
DA:68,0
DA:69,0
DA:70,0
DA:72,0
DA:73,0
DA:74,0
DA:75,0
DA:76,0
DA:77,0
DA:78,0
DA:79,0
DA:80,0
DA:81,0
DA:82,0
DA:83,0
DA:84,0
DA:85,0
DA:86,0
DA:87,0
DA:88,0
DA:89,0
DA:90,0
DA:91,0
DA:92,0
LF:82
LH:10
end_of_record
SF:lib/page/home/cubit/home_page_state.dart
DA:7,6
DA:12,3
DA:14,3
DA:16,3
DA:20,3
DA:25,0
DA:26,0
DA:30,3
DA:35,2
DA:36,6
LF:10
LH:8
end_of_record
SF:lib/page/home/cubit/home_page_cubit.dart
DA:20,2
DA:23,2
DA:25,2
DA:26,7
DA:27,1
DA:28,1
DA:30,2
DA:36,0
DA:40,0
DA:41,0
DA:43,0
DA:44,0
DA:47,1
DA:50,1
DA:52,2
DA:53,2
DA:54,2
DA:55,2
DA:62,2
DA:66,2
DA:67,4
DA:68,1
DA:69,2
DA:70,1
DA:71,2
DA:75,0
DA:76,0
DA:77,0
LF:28
LH:20
end_of_record
SF:lib/local/db/app_db.g.dart
DA:10,1
DA:13,2
DA:14,1
DA:19,1
DA:22,2
DA:23,1
DA:25,1
DA:31,2
DA:32,1
DA:34,1
DA:40,2
DA:41,1
DA:46,2
DA:47,1
DA:50,1
DA:52,1
DA:54,6
DA:55,1
DA:56,2
DA:57,1
DA:60,1
DA:63,1
DA:64,1
DA:65,1
DA:66,4
DA:68,1
DA:69,1
DA:70,3
DA:72,0
DA:74,1
DA:75,0
DA:77,0
DA:78,0
DA:80,1
DA:81,1
DA:82,3
DA:84,1
DA:85,1
DA:87,2
DA:88,1
DA:93,1
DA:94,1
DA:95,1
DA:97,0
DA:98,1
DA:99,2
DA:100,3
DA:101,2
DA:102,3
DA:103,2
DA:104,3
DA:105,2
DA:106,3
DA:107,2
DA:108,3
DA:112,0
DA:114,0
DA:124,3
DA:130,1
DA:132,1
DA:133,3
DA:134,3
DA:135,0
DA:136,3
DA:138,0
DA:139,3
DA:141,0
DA:142,3
DA:147,1
DA:148,1
DA:149,2
DA:150,2
DA:151,1
DA:153,0
DA:154,1
DA:156,2
DA:157,1
DA:159,2
DA:163,0
DA:165,0
DA:166,0
DA:167,0
DA:168,0
DA:169,0
DA:170,0
DA:171,0
DA:174,0
DA:176,0
DA:177,0
DA:178,0
DA:179,0
DA:180,0
DA:181,0
DA:182,0
DA:186,2
DA:192,2
DA:193,2
DA:194,2
DA:195,4
DA:196,4
DA:197,5
DA:199,2
DA:201,2
DA:202,6
DA:203,6
DA:204,6
DA:205,6
DA:206,6
DA:207,2
DA:208,2
DA:211,1
DA:212,6
DA:213,3
DA:216,2
DA:217,6
DA:218,6
DA:219,6
DA:220,6
DA:221,6
DA:230,1
DA:237,0
DA:243,0
DA:244,0
DA:251,0
DA:252,0
DA:253,0
DA:254,0
DA:255,0
DA:256,0
DA:260,0
DA:266,0
DA:267,0
DA:268,0
DA:269,0
DA:270,0
DA:271,0
DA:275,1
DA:277,1
DA:278,2
DA:279,4
DA:281,2
DA:282,4
DA:284,2
DA:285,0
DA:287,2
DA:288,4
DA:290,2
DA:291,4
DA:296,0
DA:298,0
DA:299,0
DA:300,0
DA:301,0
DA:302,0
DA:303,0
DA:304,0
DA:305,0
DA:310,2
DA:311,2
DA:313,0
DA:315,0
DA:316,1
DA:317,2
LF:163
LH:108
end_of_record
SF:lib/local/db/app_db.dart
DA:16,0
DA:18,2
DA:20,1
DA:23,1
DA:24,1
DA:25,0
DA:26,0
LF:7
LH:4
end_of_record
SF:lib/local/connection/native.dart
DA:12,0
DA:14,0
DA:15,0
DA:16,0
DA:20,0
DA:21,0
DA:22,0
DA:23,0
DA:25,0
DA:29,0
DA:32,0
DA:33,0
DA:38,0
DA:48,0
LF:14
LH:0
end_of_record
SF:lib/local/db/tables/todo.dart
DA:5,0
DA:8,0
DA:10,0
DA:11,0
DA:12,0
DA:13,0
DA:17,0
DA:19,0
DA:21,0
LF:9
LH:0
end_of_record
SF:lib/local/db/util/table_utils.dart
DA:4,0
LF:1
LH:0
end_of_record
SF:lib/local/db/tables/todos_dao.g.dart
DA:7,3
LF:1
LH:1
end_of_record
SF:lib/local/db/tables/todos_dao.dart
DA:13,2
DA:15,1
DA:20,2
DA:21,2
DA:22,5
DA:23,1
DA:27,6
DA:28,1
DA:30,2
DA:31,1
DA:32,1
DA:33,2
DA:34,1
DA:39,1
DA:42,4
DA:44,2
DA:46,1
DA:49,1
DA:51,1
DA:52,2
DA:53,1
DA:54,3
DA:56,1
DA:59,4
DA:61,1
DA:62,3
DA:64,1
DA:65,4
DA:68,1
DA:69,4
DA:72,3
DA:75,1
DA:76,2
DA:77,7
DA:81,1
DA:82,2
DA:83,3
LF:37
LH:37
end_of_record
SF:lib/page/details_page/cubit/todo_details_state.dart
DA:8,1
DA:16,1
DA:24,0
DA:32,0
DA:40,0
LF:5
LH:2
end_of_record
SF:lib/page/details_page/cubit/todo_details_cubit.dart
DA:14,1
DA:17,1
DA:18,1
DA:20,0
DA:21,0
DA:28,0
DA:34,0
DA:35,0
DA:36,0
DA:38,0
DA:39,0
DA:40,0
DA:47,0
DA:48,0
DA:49,0
DA:50,0
DA:51,0
DA:57,0
DA:59,0
DA:60,0
DA:61,0
DA:62,0
LF:22
LH:3
end_of_record
SF:lib/utils/mixins/confirmable_dialog_mixin.dart
DA:4,0
DA:9,0
DA:11,0
DA:12,0
DA:13,0
DA:14,0
DA:15,0
DA:17,0
DA:19,0
DA:21,0
LF:10
LH:0
end_of_record
SF:lib/page/details_page/todo_details_page.dart
DA:14,2
DA:18,1
DA:19,1
DA:26,1
DA:28,1
DA:29,0
DA:30,0
DA:31,0
DA:32,0
DA:35,1
DA:36,1
DA:37,1
DA:38,1
DA:39,1
DA:40,1
DA:43,1
DA:44,1
DA:45,1
DA:47,0
DA:48,0
DA:50,0
DA:51,0
DA:53,0
DA:54,0
DA:55,0
DA:58,0
DA:59,0
DA:66,0
DA:67,0
DA:75,1
DA:76,1
DA:77,1
DA:78,1
DA:79,0
DA:80,0
DA:81,0
DA:83,0
DA:92,1
DA:99,1
DA:101,1
DA:102,1
DA:103,1
DA:104,1
DA:105,2
DA:106,1
DA:108,1
DA:109,0
DA:110,0
DA:111,0
DA:116,1
DA:117,1
DA:119,1
DA:121,0
DA:122,0
DA:124,0
DA:139,1
DA:141,1
DA:142,0
DA:143,0
DA:144,0
DA:149,1
DA:150,1
DA:153,1
DA:154,0
DA:155,0
DA:169,2
DA:170,1
DA:171,1
DA:173,2
DA:174,0
DA:175,0
DA:176,0
DA:179,0
DA:180,0
DA:186,1
DA:187,1
DA:188,1
DA:191,0
DA:192,0
DA:195,0
DA:196,0
DA:199,0
DA:201,0
DA:202,0
DA:205,0
DA:206,0
DA:209,0
DA:211,0
DA:212,0
DA:232,1
DA:233,1
DA:234,0
DA:247,0
DA:248,0
DA:249,0
DA:250,0
DA:256,1
LF:97
LH:45
end_of_record
SF:lib/page/home/home_page.dart
DA:20,2
DA:23,1
DA:27,1
DA:28,1
DA:32,1
DA:34,1
DA:35,3
DA:36,3
DA:39,1
DA:41,1
DA:43,1
DA:44,1
DA:45,1
DA:46,1
DA:47,1
DA:49,1
DA:50,1
DA:53,0
DA:54,0
DA:55,0
DA:60,0
DA:61,0
DA:62,0
DA:67,1
DA:70,0
DA:71,0
DA:73,0
DA:74,0
DA:75,0
DA:85,1
DA:86,1
DA:87,1
DA:88,3
DA:89,1
DA:90,1
DA:91,1
DA:92,1
DA:95,1
DA:96,1
DA:98,1
DA:100,1
DA:101,1
DA:102,1
DA:103,2
DA:105,1
DA:106,2
DA:107,1
DA:108,2
DA:109,3
DA:110,2
DA:119,0
DA:120,0
DA:133,1
DA:134,0
DA:135,0
DA:137,0
DA:138,0
DA:139,0
DA:140,0
LF:59
LH:40
end_of_record
SF:lib/page/services/di.dart
DA:10,3
DA:12,0
DA:13,0
DA:15,0
DA:17,0
DA:18,0
DA:19,0
DA:22,0
DA:23,0
DA:25,0
DA:26,0
DA:27,0
DA:31,0
DA:32,0
DA:33,0
LF:15
LH:1
end_of_record
SF:lib/data/services/todo_service.dart
DA:10,0
DA:14,0
DA:16,0
DA:18,0
DA:21,0
DA:23,0
DA:26,0
DA:28,0
DA:31,0
DA:33,0
DA:36,0
DA:38,0
DA:41,0
DA:45,0
DA:48,0
DA:52,0
DA:55,0
DA:57,0
DA:60,0
DA:62,0
LF:20
LH:0
end_of_record
SF:lib/page/details_page/widget/article_widget.dart
DA:5,1
DA:9,1
DA:14,1
DA:16,1
DA:17,1
DA:18,2
DA:19,1
LF:7
LH:7
end_of_record
SF:lib/page/details_page/widget/forms.dart
DA:15,0
DA:19,0
DA:24,0
DA:32,0
DA:33,0
DA:35,0
DA:37,0
DA:45,0
DA:47,0
DA:48,0
DA:49,0
DA:50,0
DA:51,0
DA:52,0
DA:53,0
DA:56,0
DA:57,0
DA:58,0
DA:59,0
DA:63,0
DA:68,0
DA:69,0
DA:70,0
DA:72,0
DA:74,0
DA:75,0
DA:83,0
DA:85,0
DA:91,1
DA:98,1
DA:106,1
DA:108,1
DA:109,1
DA:110,1
DA:111,1
DA:112,1
DA:113,1
DA:114,1
DA:115,2
DA:117,0
DA:119,0
DA:120,0
DA:121,0
DA:133,1
DA:140,1
DA:148,1
DA:149,1
DA:153,4
DA:155,1
DA:157,1
DA:158,3
DA:159,2
DA:160,0
DA:165,1
DA:167,2
DA:168,1
DA:171,1
DA:173,2
DA:174,4
DA:176,0
DA:177,0
DA:178,0
DA:179,0
DA:180,0
DA:184,0
DA:185,0
DA:187,0
LF:67
LH:26
end_of_record
SF:lib/page/details_page/widget/save_button.dart
DA:7,1
DA:11,1
DA:13,1
DA:15,1
DA:16,1
DA:17,1
DA:19,1
DA:20,1
DA:21,1
DA:22,2
DA:24,1
DA:25,2
DA:28,1
LF:13
LH:13
end_of_record
SF:lib/utils/constants.dart
DA:3,3
LF:1
LH:1
end_of_record
SF:lib/utils/date.dart
DA:2,0
DA:3,0
LF:2
LH:0
end_of_record
SF:lib/page/home/widget/chips_bar_widget.dart
DA:6,1
DA:8,1
DA:9,1
DA:13,1
DA:15,2
DA:16,1
DA:18,1
DA:21,1
DA:22,1
DA:24,1
DA:26,0
DA:29,1
DA:31,1
DA:33,0
DA:36,1
DA:38,1
DA:40,0
DA:48,0
DA:49,0
DA:54,1
DA:60,1
DA:62,1
DA:64,0
DA:65,3
DA:67,4
DA:69,3
LF:26
LH:20
end_of_record
SF:lib/page/home/widget/todo_card.dart
DA:9,1
DA:16,1
DA:18,1
DA:20,1
DA:22,2
DA:23,1
DA:24,1
DA:25,3
DA:26,3
DA:27,3
DA:28,1
DA:29,1
DA:30,2
DA:31,0
DA:40,1
DA:42,2
LF:16
LH:15
end_of_record
SF:lib/page/search_page/cubit/search_page_state.dart
DA:7,0
DA:14,0
DA:21,0
LF:3
LH:0
end_of_record
SF:lib/page/search_page/cubit/search_page_cubit.dart
DA:10,0
DA:13,0
DA:15,0
DA:16,0
DA:17,0
DA:18,0
DA:20,0
LF:7
LH:0
end_of_record
SF:lib/page/search_page/search_page.dart
DA:10,1
DA:14,0
DA:16,0
DA:17,0
DA:18,0
DA:19,0
DA:20,0
DA:21,0
DA:27,0
DA:28,0
DA:29,0
DA:34,0
DA:38,0
DA:39,0
DA:40,0
DA:41,0
DA:42,0
DA:44,0
DA:45,0
DA:46,0
DA:47,0
DA:48,0
LF:22
LH:1
end_of_record
